<?xml version="1.0" encoding="UTF-8"?>
<!-- Generated by org.testng.reporters.JUnitXMLReporter -->
<testsuite hostname="Syntaxs-MacBook-Pro.local" ignored="1" name="Regression Test" tests="3" failures="1" timestamp="2020-05-30T14:37:19 EDT" time="6.181" errors="0">
  <testcase name="emptyUsernameLogin" time="0.234" classname="com.hrms.testcases.LoginTest"/>
  <testcase name="invalidPasswordLogin" time="0.993" classname="com.hrms.testcases.LoginTest">
    <failure type="java.lang.AssertionError" message="Error message text is not matched expected [Invalid credential] but found [Invalid credentials]">
      <![CDATA[java.lang.AssertionError: Error message text is not matched expected [Invalid credential] but found [Invalid credentials]
at com.hrms.testcases.LoginTest.invalidPasswordLogin(LoginTest.java:33)
at java.util.ArrayList.forEach(ArrayList.java:1257)
... Removed 31 stack frames]]>
    </failure>
  </testcase> <!-- invalidPasswordLogin -->
  <testcase name="test" time="0.0" classname="com.hrms.testcases.AddEmployeeTest">
    <skipped/>
  </testcase> <!-- test -->
  <testcase name="validAdminLogin" time="0.0" classname="com.hrms.testcases.LoginTest">
    <ignored/>
  </testcase> <!-- validAdminLogin -->
</testsuite> <!-- Regression Test -->
